uv run aes_main_process.py

Enter number of AES blocks (1–2048): 1
Select mode – 'demo' or 'practice': demo
create engine

Creating [2048, 4096, 6144, 8192, 16384, -2048, -4096, -6144, -8192] fixed rotation keys
engine created



--------------------------------
Engine Initiation complete!!!
waiting for the Data initiation module...
--------------------------------


blocks:  [ 50  67 246 168 136  90  48 141  49  49 152 162 224  55   7  52]
flat:  [50 50 50 ... 52 52 52]
Sample indices (i * 2048):
50
136
49
224
67
90
49
55
246
48
152
7
168
141
162
52



--------------------------------
Data initiation complete!!!
waiting for the key initiation module...
--------------------------------


demo mode don't need key initiation. Only demo key scheduling is available.


--------------------------------
data/key HE-encryption complete!!!
waiting for the key Scheduling module...
--------------------------------




--------------------------------
key Scheduling complete!!!
waiting for the encryption stage module...
--------------------------------


addkey complete!!! Time taken: 22.471168279647827 seconds
gt:  [ 25 160 154 233  61 244 198 248 227 226 141  72 190  43  42   8]
combined_bytes length:  16
combined_bytes:  [ 25 160 154 233  61 244 198 248 227 226 141  72 190  43  42   8]
✓ verification passed
sub_bytes complete!!! Time taken: 44.60006093978882 seconds
gt:  [212 224 184  30  39 191 180  65  17 152  93  82 174 241 229  48]
combined_bytes length:  16
combined_bytes:  [212 224 184  30  39 191 180  65  17 152  93  82 174 241 229  48]
✓ verification passed
shift_rows complete!!! Time taken: 12.032627820968628 seconds
gt:  [212 224 184  30 191 180  65  39  93  82  17 152  48 174 241 229]
combined_bytes length:  16
combined_bytes:  [212 224 184  30 191 180  65  39  93  82  17 152  48 174 241 229]
✓ verification passed
mix_columns complete!!! Time taken: 57.44859004020691 seconds
gt:  [  4 224  72  40 102 203 248   6 129  25 211  38 229 154 122  76]
combined_bytes length:  16
combined_bytes:  [  4 224  72  40 102 203 248   6 129  25 211  38 229 154 122  76]
✓ verification passed
noise reduction
Noise Reduction Success !
Noise Reduction Success !
noise reduction complete!!! Time taken: 11.433986902236938 seconds
gt:  [  4 224  72  40 102 203 248   6 129  25 211  38 229 154 122  76]
combined_bytes length:  16
combined_bytes:  [  4 224  72  40 102 203 248   6 129  25 211  38 229 154 122  76]
✓ verification passed
addkey complete!!! Time taken: 18.57755708694458 seconds
round 1 complete!!! Time taken: 145.0961456298828 seconds
gt:  [164 104 107   2 156 159  91 106 127  53 234  80 242  43  67  73]
combined_bytes length:  16
combined_bytes:  [164 104 107   2 156 159  91 106 127  53 234  80 242  43  67  73]
✓ verification passed
gt:  [ 73  69 127 119 222 219  57   2 210 150 135  83 137 241  26  59]
combined_bytes length:  16
combined_bytes:  [ 73  69 127 119 222 219  57   2 210 150 135  83 137 241  26  59]
✓ verification passed
gt:  [ 73  69 127 119 219  57   2 222 135  83 210 150  59 137 241  26]
combined_bytes length:  16
combined_bytes:  [ 73  69 127 119 219  57   2 222 135  83 210 150  59 137 241  26]
✓ verification passed


----------------------------------------------------------
Noise Reduction Success !
Noise Reduction Success !
gt:  [ 73  69 127 119 219  57   2 222 135  83 210 150  59 137 241  26]
combined_bytes length:  16
combined_bytes:  [ 73  69 127 119 219  57   2 222 135  83 210 150  59 137   1  26]
⚠️  mismatch – needs review
  expected: ['49', '45', '7f', '77', 'db', '39', '02', 'de', '87', '53', 'd2', '96', '3b', '89', 'f1', '1a']
  got     : ['49', '45', '7f', '77', 'db', '39', '02', 'de', '87', '53', 'd2', '96', '3b', '89', '01', '1a']
----------------------------------------------------------


gt:  [ 88  27 219  27  77  75 231 107 202  90 202 176 241 172 168 229]
combined_bytes length:  16
combined_bytes:  [ 88  27  26  27  77  75   6 107 202  90 229 176 241 172  98 225]
⚠️  mismatch – needs review
  expected: ['58', '1b', 'db', '1b', '4d', '4b', 'e7', '6b', 'ca', '5a', 'ca', 'b0', 'f1', 'ac', 'a8', 'e5']
  got     : ['58', '1b', '1a', '1b', '4d', '4b', '06', '6b', 'ca', '5a', 'e5', 'b0', 'f1', 'ac', '62', 'e1']
Noise Reduction Success !
Noise Reduction Success !
gt:  [ 88  27 219  27  77  75 231 107 202  90 202 176 241 172 168 229]
combined_bytes length:  16
combined_bytes:  [ 88  27  26  26  79  75   6 107 200 106 229 182 241 156  98 225]
⚠️  mismatch – needs review
  expected: ['58', '1b', 'db', '1b', '4d', '4b', 'e7', '6b', 'ca', '5a', 'ca', 'b0', 'f1', 'ac', 'a8', 'e5']
  got     : ['58', '1b', '1a', '1a', '4f', '4b', '06', '6b', 'c8', '6a', 'e5', 'b6', 'f1', '9c', '62', 'e1']
round 2 complete!!! Time taken: 147.02902698516846 seconds
gt:  [170  97 130 104 143 221 210  50  95 227  74  70   3 239 210 154]
combined_bytes length:  16
combined_bytes:  [163 111 102 100 155 215  43  60  87 220  97  77  15 220  25 145]
⚠️  mismatch – needs review
  expected: ['aa', '61', '82', '68', '8f', 'dd', 'd2', '32', '5f', 'e3', '4a', '46', '03', 'ef', 'd2', '9a']
  got     : ['a3', '6f', '66', '64', '9b', 'd7', '2b', '3c', '57', 'dc', '61', '4d', '0f', 'dc', '19', '91']







^CTraceback (most recent call last):
  File "/home/crypto/intern_develop/niadk/basecode/aes_main_process.py", line 600, in <module>
    enc_data_hi_round_3, enc_data_lo_round_3 = sub_bytes(engine_context, enc_data_hi_round_3, enc_data_lo_round_3)
                                               ~~~~~~~~~^^^^^^^^^^^^^^^^^^^^^^^^^^^^^^^^^^^^^^^^^^^^^^^^^^^^^^^^^^
  File "/home/crypto/intern_develop/niadk/basecode/aes_main_process.py", line 317, in sub_bytes
    enc_data_hi, enc_data_lo = _sub_bytes(engine_context, enc_data_hi, enc_data_lo)
                               ~~~~~~~~~~^^^^^^^^^^^^^^^^^^^^^^^^^^^^^^^^^^^^^^^^^^
  File "/home/crypto/intern_develop/niadk/basecode/aes_SubBytes.py", line 146, in sub_bytes
    return _sbox_poly(engine_context, ct_hi, ct_lo)
  File "/home/crypto/intern_develop/niadk/basecode/aes_SubBytes.py", line 131, in _sbox_poly
    hi_ct = _poly_eval(engine_context, ct_hi, ct_lo, "hi")
  File "/home/crypto/intern_develop/niadk/basecode/aes_SubBytes.py", line 79, in _poly_eval
    term = engine.multiply(basis_x[p], basis_y[q], relin_key)
KeyboardInterrupt