create engine

Creating [2048, 4096, 6144, 8192, 10240, 12288, 14336, 16384, 18432, 20480, 22528, 24576, 26624, 28672, 30720] fixed rotation keys
engine created

slot_count:  32768
row_0 ['2b', '7e', '15', '16', 'a1', '25', 'c1', '44', 'bf', '51', '9e', '78', '2a', '3f', '09', '2e']
row_1 ['1d', '97', '9d', '6f', '28', 'ae', 'd2', 'a6', '1c', '8f', '06', 'c2', 'd6', '35', 'b6', '3c']
row_2 ['4b', '15', '9d', '16', '39', '30', '13', 'd5', 'ab', 'f7', '15', '88', '81', '38', '6f', '05']
row_3 ['7d', 'c8', '15', 'f4', '27', '35', '59', 'a6', 'b9', '4e', '77', '7a', '09', 'cf', '4f', '3c']
Key scheduling start
Key scheduling round 4 time: 605.688958644867 seconds
Key scheduling round 5 time: 194.96443367004395 seconds
Key scheduling round 6 time: 206.0920171737671 seconds
Key scheduling round 7 time: 204.4247088432312 seconds
Key scheduling round 8 time: 720.6106033325195 seconds
Key scheduling round 9 time: 216.17699241638184 seconds
Key scheduling round 10 time: 210.76950883865356 seconds
Key scheduling round 11 time: 209.40905737876892 seconds
Key scheduling round 12 time: 701.6174774169922 seconds
Key scheduling round 13 time: 201.79924297332764 seconds
Key scheduling round 14 time: 207.2559859752655 seconds
Key scheduling round 15 time: 211.53363394737244 seconds
Key scheduling round 16 time: 699.4224157333374 seconds
Key scheduling round 17 time: 214.7303056716919 seconds
Key scheduling round 18 time: 205.36079502105713 seconds
Key scheduling round 19 time: 211.73856377601624 seconds
Key scheduling round 20 time: 711.9477207660675 seconds
Key scheduling round 21 time: 211.98540949821472 seconds
Key scheduling round 22 time: 204.05215311050415 seconds
Key scheduling round 23 time: 207.8311858177185 seconds
Key scheduling round 24 time: 686.5640857219696 seconds
Key scheduling round 25 time: 205.99128532409668 seconds
Key scheduling round 26 time: 202.7026708126068 seconds
Key scheduling round 27 time: 209.48455667495728 seconds
Key scheduling round 28 time: 718.162805557251 seconds
Key scheduling round 29 time: 208.8772132396698 seconds
Key scheduling round 30 time: 211.7256350517273 seconds
Key scheduling round 31 time: 216.86514163017273 seconds
Key scheduling round 32 time: 717.0925912857056 seconds
Key scheduling round 33 time: 206.21260499954224 seconds
Key scheduling round 34 time: 207.74864721298218 seconds
Key scheduling round 35 time: 213.13966941833496 seconds
=Key scheduling round 36 time: 701.8048911094666 seconds
Key scheduling round 37 time: 198.7557156085968 seconds
Key scheduling round 38 time: 200.22633337974548 seconds
Key scheduling round 39 time: 212.72565126419067 seconds
Key scheduling round 40 time: 740.0567774772644 seconds
Key scheduling round 41 time: 212.68993592262268 seconds
Key scheduling round 42 time: 223.55986833572388 seconds
Key scheduling round 43 time: 206.57919311523438 seconds
Key scheduling time: 13258.379868507385 seconds

Round 00 key: ['2b', '7e', '15', '16', '28', 'ae', 'd2', 'a6', 'ab', 'f7', '15', '88', '09', 'cf', '4f', '3c']
Round 01 key: ['a0', 'fa', 'fe', '17', '88', '54', '2c', 'b1', '23', 'a3', '39', '39', '2a', '6c', '76', '05']
Round 02 key: ['f2', 'c2', '95', 'f2', '7a', '96', 'b9', '43', '59', '35', '80', '7a', '73', '59', 'f6', '7f']
Round 03 key: ['3d', '80', '47', '7d', '47', '16', 'fe', '3e', '1e', '23', '7e', '44', '6d', '7a', '88', '3b']
Round 04 key: ['ef', '44', 'a5', '41', 'a8', '52', '5b', '7f', 'b6', '71', '25', '3b', 'db', '0b', 'ad', '00']
Round 05 key: ['d4', 'd1', 'c6', 'f8', '7c', '83', '9d', '87', 'ca', 'f2', 'b8', 'bc', '11', 'f9', '15', 'bc']
Round 06 key: ['6d', '88', 'a3', '7a', '11', '0b', '3e', 'fd', 'db', 'f9', '86', '41', 'ca', '00', '93', 'fd']
Round 07 key: ['4e', '54', 'f7', '0e', '5f', '5f', 'c9', 'f3', '84', 'a6', '4f', 'b2', '4e', 'a6', 'dc', '4f']
Round 08 key: ['ea', 'd2', '73', '21', 'b5', '8d', 'ba', 'd2', '31', '2b', 'f5', '60', '7f', '8d', '29', '2f']
Round 09 key: ['ac', '77', '66', 'f3', '19', 'fa', 'dc', '21', '28', 'd1', '29', '41', '57', '5c', '00', '6e']
Round 10 key: ['d0', '14', 'f9', 'a8', 'c9', 'ee', '25', '89', 'e1', '3f', '0c', 'c8', 'b6', '63', '0c', 'a6']