nohup: ignoring input
create engine

Creating [2048, 4096, 6144, 8192, 10240, 12288, 14336, 16384, 18432, 20480, 22528, 24576, 26624, 28672, 30720] fixed rotation keys
engine created

slot_count:  32768
row_0 ['2b', '7e', '15', '16', 'bf', '27', 'e2', '8f', 'cb', '80', '9d', '78', 'f9', 'ee', 'e9', '5b']
row_1 ['09', 'bb', '9f', '5f', '28', 'ae', 'd2', 'a6', '4d', '7f', '24', '1d', '0a', '46', 'c7', '2d']
row_2 ['2a', 'f7', '9d', '16', '3b', '47', '9a', '08', 'ab', 'f7', '15', '88', 'c3', '47', '4e', '95']
row_3 ['65', '05', '14', '82', '36', '27', '59', '97', 'ad', '4a', 'c9', 'ee', '09', 'cf', '4f', '3c']
Key scheduling start
Key scheduling round 4 time: 152.45889449119568 seconds
Key scheduling round 5 time: 43.38016200065613 seconds
Key scheduling round 6 time: 43.36267399787903 seconds
Key scheduling round 7 time: 43.48155879974365 seconds
Key scheduling round 8 time: 150.87688493728638 seconds
Key scheduling round 9 time: 43.89452886581421 seconds
Key scheduling round 10 time: 43.75554895401001 seconds
Key scheduling round 11 time: 43.653470277786255 seconds
Key scheduling round 12 time: 151.32631254196167 seconds
Key scheduling round 13 time: 43.967957735061646 seconds
Key scheduling round 14 time: 44.110151529312134 seconds
Key scheduling round 15 time: 44.08313822746277 seconds
Key scheduling round 16 time: 151.8445885181427 seconds
Key scheduling round 17 time: 44.09881830215454 seconds
Key scheduling round 18 time: 44.02269673347473 seconds
Key scheduling round 19 time: 44.08105492591858 seconds
Key scheduling round 20 time: 151.65978145599365 seconds
Key scheduling round 21 time: 44.60033869743347 seconds
Key scheduling round 22 time: 44.19396257400513 seconds
Key scheduling round 23 time: 43.86604380607605 seconds
Key scheduling round 24 time: 151.6465539932251 seconds
Key scheduling round 25 time: 44.308176040649414 seconds
Key scheduling round 26 time: 43.97759175300598 seconds
Key scheduling round 27 time: 44.13861107826233 seconds
Key scheduling round 28 time: 151.8205804824829 seconds
Key scheduling round 29 time: 44.20901870727539 seconds
Key scheduling round 30 time: 44.73223400115967 seconds
Key scheduling round 31 time: 44.33515787124634 seconds
Key scheduling round 32 time: 152.00764536857605 seconds
Key scheduling round 33 time: 44.53563976287842 seconds
Key scheduling round 34 time: 44.61944627761841 seconds
Key scheduling round 35 time: 44.45282030105591 seconds
Key scheduling round 36 time: 153.31086707115173 seconds
Key scheduling round 37 time: 44.16401815414429 seconds
Key scheduling round 38 time: 44.07749962806702 seconds
Key scheduling round 39 time: 44.608386516571045 seconds
Key scheduling round 40 time: 152.4579246044159 seconds
Key scheduling round 41 time: 44.49305987358093 seconds
Key scheduling round 42 time: 44.348204135894775 seconds
Key scheduling round 43 time: 44.84717106819153 seconds
Key scheduling time: 2843.811406135559 seconds

Round 00 key: ['2b', '7e', '15', '16', '28', 'ae', 'd2', 'a6', 'ab', 'f7', '15', '88', '09', 'cf', '4f', '3c']
Round 01 key: ['a0', 'fa', 'fe', '17', '88', '54', '2c', 'b1', '23', 'a3', '39', '39', '2a', '6c', '76', '05']
Round 02 key: ['f2', 'c2', '95', 'f2', '7a', '96', 'b9', '43', '59', '35', '80', '7a', '73', '59', 'f6', '7f']
Round 03 key: ['3d', '80', '47', '7d', '47', '16', 'fe', '3e', '1e', '23', '7e', '44', '6d', '7a', '88', '3b']
Round 04 key: ['ef', '44', 'a5', '41', 'a8', '52', '5b', '7f', 'b6', '71', '25', '3b', 'db', '0b', 'ad', '00']
Round 05 key: ['d4', 'd1', 'c6', 'f8', '7c', '83', '9d', '87', 'ca', 'f2', 'b8', 'bc', '11', 'f9', '15', 'bc']
Round 06 key: ['6d', '88', 'a3', '7a', '11', '0b', '3e', 'fd', 'db', 'f9', '86', '41', 'ca', '00', '93', 'fd']
Round 07 key: ['4e', '54', 'f7', '0e', '5f', '5f', 'c9', 'f3', '84', 'a6', '4f', 'b2', '4e', 'a6', 'dc', '4f']
Round 08 key: ['ea', 'd2', '73', '21', 'b5', '8d', 'ba', 'd2', '31', '2b', 'f5', '60', '7f', '8d', '29', '2f']
Round 09 key: ['ac', '77', '66', 'f3', '19', 'fa', 'dc', '21', '28', 'd1', '29', '41', '57', '5c', '00', '6e']
Round 10 key: ['d0', '14', 'f9', 'a8', 'c9', 'ee', '25', '89', 'e1', '3f', '0c', 'c8', 'b6', '63', '0c', 'a6']
