nohup: ignoring input
create engine

Creating [2048, 4096, 6144, 8192, 16384, -2048, -4096, -6144, -8192] fixed rotation keys
engine created



--------------------------------
Engine Initiation complete!!!
waiting for the Data initiation module...
--------------------------------


blocks:  [ 50  67 246 168 136  90  48 141  49  49 152 162 224  55   7  52]
flat:  [50 50 50 ... 52 52 52]
Sample indices (i * 2048):
50	
136	
49	
224	
67	
90	
49	
55	
246	
48	
152	
7	
168	
141	
162	
52	



--------------------------------
Data initiation complete!!!
waiting for the key initiation module...
--------------------------------


demo mode don't need key initiation. Only demo key scheduling is available.


--------------------------------
data/key HE-encryption complete!!!
waiting for the key Scheduling module...
--------------------------------




--------------------------------
key Scheduling complete!!!
waiting for the encryption stage module...
--------------------------------


round 0 complete!!! Time taken: 30.638827562332153 seconds
gt:  [ 25 160 154 233  61 244 198 248 227 226 141  72 190  43  42   8]
combined_bytes length:  16
combined_bytes:  [ 25 160 154 233  61 244 198 248 227 226 141  72 190  43  42   8]
✓ verification passed
sub_bytes complete!!! Time taken: 53.42147469520569 seconds
gt:  [212 224 184  30  39 191 180  65  17 152  93  82 174 241 229  48]
combined_bytes length:  16
combined_bytes:  [212 224 184  30  39 191 180  65  17 152  93  82 174 241 229  48]
✓ verification passed
shift_rows complete!!! Time taken: 23.415529012680054 seconds
gt:  [212 224 184  30 191 180  65  39  93  82  17 152  48 174 241 229]
combined_bytes length:  16
combined_bytes:  [212 224 184  30 191 180  65  39  93  82  17 152  48 174 241 229]
✓ verification passed
mix_columns complete!!! Time taken: 67.2502989768982 seconds
gt:  [  4 224  72  40 102 203 248   6 129  25 211  38 229 154 122  76]
combined_bytes length:  16
combined_bytes:  [  4 224  72  40 102 203 248   6 129  25 211  38 229 154 122  76]
✓ verification passed
addkey complete!!! Time taken: 29.54054832458496 seconds
round 1 complete!!! Time taken: 174.37325406074524 seconds
gt:  [164 104 107   2 156 159  91 106 127  53 234  80 242  43  67  73]
combined_bytes length:  16
combined_bytes:  [164 104 107   2 156 159  91 106 127  53 234  80 242  43  67  73]
✓ verification passed
gt:  [ 73  69 127 119 222 219  57   2 210 150 135  83 137 241  26  59]
combined_bytes length:  16
combined_bytes:  [ 73  69 127 119 222 219  57   2 210 150 135  83 137 241  26  59]
✓ verification passed
gt:  [ 73  69 127 119 219  57   2 222 135  83 210 150  59 137 241  26]
combined_bytes length:  16
combined_bytes:  [ 73  69 127 119 219  57   2 222 135  83 210 150  59 137 241  26]
✓ verification passed
gt:  [ 88  27 219  27  77  75 231 107 202  90 202 176 241 172 168 229]
combined_bytes length:  16
combined_bytes:  [ 88  27 219  27  77  75 231 107 202  90 202 176 241 172 168 229]
✓ verification passed
round 2 complete!!! Time taken: 169.7645227909088 seconds
gt:  [170  97 130 104 143 221 210  50  95 227  74  70   3 239 210 154]
combined_bytes length:  16
combined_bytes:  [170  97 130 104 143 221 210  50  95 227  74  70   3 239 210 154]
✓ verification passed
round 3 complete!!! Time taken: 171.53477382659912 seconds
gt:  [ 72 103  77 214 108  29 227  95  78 157 177  88 238  13  56 231]
combined_bytes length:  16
combined_bytes:  [ 72 103  77 214 108  29 227  95  78 157 177  88 238  13  56 231]
✓ verification passed
round 4 complete!!! Time taken: 173.68232560157776 seconds
gt:  [224 200 217 133 146  99 177 184 127  99  53 190 232 192  80   1]
combined_bytes length:  16
combined_bytes:  [224 200 217 133 146  99 177 184 127  99  53 190 232 192  80   1]
✓ verification passed
round 5 complete!!! Time taken: 171.67750120162964 seconds
gt:  [241 193 124  93   0 146 200 181 111  76 139 213  85 239  50  12]
combined_bytes length:  16
combined_bytes:  [241 193 124  93   0 146 200 181 111  76 139 213  85 239  50  12]
✓ verification passed
round 6 complete!!! Time taken: 174.2036576271057 seconds
gt:  [ 38  61 232 253  14  65 100 210  46 183 114 139  23 125 169  37]
combined_bytes length:  16
combined_bytes:  [ 38  61 232 253  14  65 100 210  46 183 114 139  23 125 169  37]
✓ verification passed
round 7 complete!!! Time taken: 173.20943546295166 seconds
gt:  [ 90  25 163 122  65  73 224 140  66 220  25   4 177  31 101  12]
combined_bytes length:  16
combined_bytes:  [ 90  25 163 122  65  73 224 140  66 220  25   4 177  31 101  12]
✓ verification passed
round 8 complete!!! Time taken: 174.47159576416016 seconds
gt:  [234   4 101 133 131  69  93 150  92  51 152 176 240  45 173 197]
combined_bytes length:  16
combined_bytes:  [234   4 101 133 131  69  93 150  92  51 152 176 240  45 173 197]
✓ verification passed
round 9 complete!!! Time taken: 174.11579656600952 seconds
gt:  [235  89 139  27  64  46 161 195 242  56  19  66  30 132 231 210]
combined_bytes length:  16
combined_bytes:  [235  89 139  27  64  46 161 195 242  56  19  66  30 132 231 210]
✓ verification passed
round 10 complete!!! Time taken: 104.78014945983887 seconds
gt:  [ 57   2 220  25  37 220  17 106 132   9 133  11  29 251 151  50]
combined_bytes length:  16
combined_bytes:  [ 57   2 220  25  37 220  17 106 132   9 133  11  29 251 151  50]
✓ verification passed
encryption stage complete!!! Time taken: 1664.0600957870483 seconds


--------------------------------
encryption stage complete!!!
waiting for the decryption stage module...
--------------------------------


round 0 complete!!! Time taken: 107.16527986526489 seconds
gt:  [235  89 139  27  64  46 161 195 242  56  19  66  30 132 231 210]
combined_bytes length:  16
combined_bytes:  [235  89 139  27  64  46 161 195 242  56  19  66  30 132 231 210]
✓ verification passed
round 1 complete!!! Time taken: 246.16127490997314 seconds
gt:  [234   4 101 133 131  69  93 150  92  51 152 176 240  45 173 197]
combined_bytes length:  16
combined_bytes:  [234   4 101 133 131  69  93 150  92  51 152 176 240  45 173 197]
✓ verification passed
round 2 complete!!! Time taken: 238.3937873840332 seconds
gt:  [ 90  25 163 122  65  73 224 140  66 220  25   4 177  31 101  12]
combined_bytes length:  16
combined_bytes:  [ 90  25 163 122  65  73 224 140  66 220  25   4 177  31 101  12]
✓ verification passed
round 3 complete!!! Time taken: 240.0402593612671 seconds
gt:  [ 38  61 232 253  14  65 100 210  46 183 114 139  23 125 169  37]
combined_bytes length:  16
combined_bytes:  [ 38  61 232 253  14  65 100 210  46 183 114 139  23 125 169  37]
✓ verification passed
round 4 complete!!! Time taken: 241.61992692947388 seconds
gt:  [241 193 124  93   0 146 200 181 111  76 139 213  85 239  50  12]
combined_bytes length:  16
combined_bytes:  [241 193 124  93   0 146 200 181 111  76 139 213  85 239  50  12]
✓ verification passed
round 5 complete!!! Time taken: 241.46186447143555 seconds
gt:  [224 200 217 133 146  99 177 184 127  99  53 190 232 192  80   1]
combined_bytes length:  16
combined_bytes:  [224 200 217 133 146  99 177 184 127  99  53 190 232 192  80   1]
✓ verification passed
round 6 complete!!! Time taken: 243.4986138343811 seconds
gt:  [ 72 103  77 214 108  29 227  95  78 157 177  88 238  13  56 231]
combined_bytes length:  16
combined_bytes:  [ 72 103  77 214 108  29 227  95  78 157 177  88 238  13  56 231]
✓ verification passed
round 7 complete!!! Time taken: 238.68958473205566 seconds
gt:  [170  97 130 104 143 221 210  50  95 227  74  70   3 239 210 154]
combined_bytes length:  16
combined_bytes:  [170  97 130 104 143 221 210  50  95 227  74  70   3 239 210 154]
✓ verification passed
round 8 complete!!! Time taken: 230.0550570487976 seconds
gt:  [164 104 107   2 156 159  91 106 127  53 234  80 242  43  67  73]
combined_bytes length:  16
combined_bytes:  [164 104 107   2 156 159  91 106 127  53 234  80 242  43  67  73]
✓ verification passed
round 9 complete!!! Time taken: 231.85431265830994 seconds
gt:  [ 25 160 154 233  61 244 198 248 227 226 141  72 190  43  42   8]
combined_bytes length:  16
combined_bytes:  [ 25 160 154 233  61 244 198 248 227 226 141  72 190  43  42   8]
✓ verification passed
round 10 complete!!! Time taken: 28.461479902267456 seconds
gt:  [ 50 136  49 224  67  90  49  55 246  48 152   7 168 141 162  52]
combined_bytes length:  16
combined_bytes:  [ 50 136  49 224  67  90  49  55 246  48 152   7 168 141 162  52]
✓ verification passed
decryption complete!!! Time taken: 2289.884392976761 seconds

transpose(flat 4x4) of sampled 16: [ 50  67 246 168 136  90  48 141  49  49 152 162 224  55   7  52]
transpose(flat 4x4) hex: ['32', '43', 'f6', 'a8', '88', '5a', '30', '8d', '31', '31', '98', 'a2', 'e0', '37', '07', '34']
